<?xml version="1.0" encoding="UTF-8"?>
<!-- Generated by org.testng.reporters.JUnitXMLReporter -->
<testsuite ignored="0" hostname="saurabhsoni" failures="0" tests="4" name="Default test" time="200.782" errors="0" timestamp="14 Jan 2021 12:48:12 GMT">
  <testcase classname="cucumber.api.testng.AbstractTestNGCucumberTests" name="feature" time="59.396"/>
  <testcase classname="cucumber.api.testng.AbstractTestNGCucumberTests" name="feature" time="11.706"/>
  <testcase classname="cucumber.api.testng.AbstractTestNGCucumberTests" name="feature" time="79.418"/>
  <testcase classname="cucumber.api.testng.AbstractTestNGCucumberTests" name="feature" time="49.313"/>
</testsuite> <!-- Default test -->
